<?xml version="1.0" encoding="UTF-8"?>
<testsuite xmlns:xsi="http://www.w3.org/2001/XMLSchema-instance" xsi:noNamespaceSchemaLocation="https://maven.apache.org/surefire/maven-surefire-plugin/xsd/surefire-test-report-3.0.xsd" version="3.0" name="com.example.shortlink.UrlShortenerControllerTest" time="0.04" tests="1" errors="0" skipped="0" failures="0">
  <properties>
[...]
</properties>
  <testcase name="testEncodeAndDecode" classname="com.example.shortlink.UrlShortenerControllerTest" time="0.025">
    <system-out><![CDATA[2025-05-02T17:17:50.891-05:00  INFO 98064 --- [           main] t.c.s.AnnotationConfigContextLoaderUtils : Could not detect default configuration classes for test class [com.example.shortlink.UrlShortenerControllerTest]: UrlShortenerControllerTest does not declare any static, non-private, non-final, nested classes annotated with @Configuration.
2025-05-02T17:17:50.898-05:00  INFO 98064 --- [           main] .b.t.c.SpringBootTestContextBootstrapper : Found @SpringBootConfiguration com.example.shortlink.ShortLinkApplication for test class com.example.shortlink.UrlShortenerControllerTest
2025-05-02T17:17:50.906-05:00  INFO 98064 --- [           main] c.e.s.controller.UrlShortenerController  : Inside encode 
2025-05-02T17:17:50.924-05:00  INFO 98064 --- [           main] c.e.s.controller.UrlShortenerController  : Inside decode 
]]></system-out>
  </testcase>
</testsuite>